<?xml version="1.0" encoding="UTF-8"?>
<testng-results skipped="0" failed="0" ignored="0" total="1" passed="1">
  <reporter-output>
  </reporter-output>
  <suite name="Default suite" duration-ms="2569" started-at="2020-02-02T22:30:09 EET" finished-at="2020-02-02T22:30:12 EET">
    <groups>
    </groups>
    <test name="Default test" duration-ms="2569" started-at="2020-02-02T22:30:09 EET" finished-at="2020-02-02T22:30:12 EET">
      <class name="base.Test1">
        <test-method status="PASS" signature="setUp()[pri:0, instance:base.Test1@543e710e]" name="setUp" is-config="true" duration-ms="10713" started-at="2020-02-02T22:29:59 EET" finished-at="2020-02-02T22:30:09 EET">
          <reporter-output>
          </reporter-output>
        </test-method> <!-- setUp -->
        <test-method status="PASS" signature="t1()[pri:0, instance:base.Test1@543e710e]" name="t1" duration-ms="2525" started-at="2020-02-02T22:30:09 EET" finished-at="2020-02-02T22:30:12 EET">
          <reporter-output>
          </reporter-output>
        </test-method> <!-- t1 -->
        <test-method status="PASS" signature="jdiTearDown()[pri:0, instance:base.Test1@543e710e]" name="jdiTearDown" is-config="true" duration-ms="5001" started-at="2020-02-02T22:30:12 EET" finished-at="2020-02-02T22:30:17 EET">
          <reporter-output>
          </reporter-output>
        </test-method> <!-- jdiTearDown -->
      </class> <!-- base.Test1 -->
    </test> <!-- Default test -->
  </suite> <!-- Default suite -->
</testng-results>
